<?xml version="1.0" encoding="UTF-8"?>
<testsuite xmlns:xsi="http://www.w3.org/2001/XMLSchema-instance" xsi:noNamespaceSchemaLocation="https://maven.apache.org/surefire/maven-surefire-plugin/xsd/surefire-test-report.xsd" name="com.parkit.parkingsystem.ParkingServiceTest" time="1.265" tests="1" errors="0" skipped="0" failures="0">
  <properties>
    <property name="java.specification.version" value="15"/>
    <property name="sun.cpu.isalist" value="amd64"/>
    <property name="sun.jnu.encoding" value="Cp1252"/>
    <property name="java.class.path" value="C:\Users\Bruno\Desktop\Dev Salesforce\P5_Rodin_Séverine\parkingsystem\target\test-classes;C:\Users\Bruno\Desktop\Dev Salesforce\P5_Rodin_Séverine\parkingsystem\target\classes;C:\Users\Bruno\.m2\repository\org\apache\logging\log4j\log4j-api\2.12.1\log4j-api-2.12.1.jar;C:\Users\Bruno\.m2\repository\org\apache\logging\log4j\log4j-core\2.12.1\log4j-core-2.12.1.jar;C:\Users\Bruno\.m2\repository\mysql\mysql-connector-java\8.0.17\mysql-connector-java-8.0.17.jar;C:\Users\Bruno\.m2\repository\com\google\protobuf\protobuf-java\3.6.1\protobuf-java-3.6.1.jar;C:\Users\Bruno\.m2\repository\org\junit\jupiter\junit-jupiter-api\5.3.2\junit-jupiter-api-5.3.2.jar;C:\Users\Bruno\.m2\repository\org\apiguardian\apiguardian-api\1.0.0\apiguardian-api-1.0.0.jar;C:\Users\Bruno\.m2\repository\org\opentest4j\opentest4j\1.1.1\opentest4j-1.1.1.jar;C:\Users\Bruno\.m2\repository\org\junit\platform\junit-platform-commons\1.3.2\junit-platform-commons-1.3.2.jar;C:\Users\Bruno\.m2\repository\org\junit\jupiter\junit-jupiter-engine\5.3.2\junit-jupiter-engine-5.3.2.jar;C:\Users\Bruno\.m2\repository\org\junit\platform\junit-platform-engine\1.3.2\junit-platform-engine-1.3.2.jar;C:\Users\Bruno\.m2\repository\org\mockito\mockito-junit-jupiter\2.23.4\mockito-junit-jupiter-2.23.4.jar;C:\Users\Bruno\.m2\repository\org\mockito\mockito-core\2.23.4\mockito-core-2.23.4.jar;C:\Users\Bruno\.m2\repository\net\bytebuddy\byte-buddy\1.9.3\byte-buddy-1.9.3.jar;C:\Users\Bruno\.m2\repository\net\bytebuddy\byte-buddy-agent\1.9.3\byte-buddy-agent-1.9.3.jar;C:\Users\Bruno\.m2\repository\org\objenesis\objenesis\2.6\objenesis-2.6.jar;C:\Users\Bruno\.m2\repository\org\jacoco\jacoco-maven-plugin\0.8.5\jacoco-maven-plugin-0.8.5.jar;C:\Users\Bruno\.m2\repository\org\apache\maven\maven-plugin-api\3.0\maven-plugin-api-3.0.jar;C:\Users\Bruno\.m2\repository\org\sonatype\sisu\sisu-inject-plexus\1.4.2\sisu-inject-plexus-1.4.2.jar;C:\Users\Bruno\.m2\repository\org\sonatype\sisu\sisu-inject-bean\1.4.2\sisu-inject-bean-1.4.2.jar;C:\Users\Bruno\.m2\repository\org\sonatype\sisu\sisu-guice\2.1.7\sisu-guice-2.1.7-noaop.jar;C:\Users\Bruno\.m2\repository\org\apache\maven\maven-core\3.0\maven-core-3.0.jar;C:\Users\Bruno\.m2\repository\org\apache\maven\maven-settings\3.0\maven-settings-3.0.jar;C:\Users\Bruno\.m2\repository\org\apache\maven\maven-settings-builder\3.0\maven-settings-builder-3.0.jar;C:\Users\Bruno\.m2\repository\org\apache\maven\maven-repository-metadata\3.0\maven-repository-metadata-3.0.jar;C:\Users\Bruno\.m2\repository\org\apache\maven\maven-model-builder\3.0\maven-model-builder-3.0.jar;C:\Users\Bruno\.m2\repository\org\apache\maven\maven-aether-provider\3.0\maven-aether-provider-3.0.jar;C:\Users\Bruno\.m2\repository\org\sonatype\aether\aether-impl\1.7\aether-impl-1.7.jar;C:\Users\Bruno\.m2\repository\org\sonatype\aether\aether-spi\1.7\aether-spi-1.7.jar;C:\Users\Bruno\.m2\repository\org\sonatype\aether\aether-api\1.7\aether-api-1.7.jar;C:\Users\Bruno\.m2\repository\org\sonatype\aether\aether-util\1.7\aether-util-1.7.jar;C:\Users\Bruno\.m2\repository\org\codehaus\plexus\plexus-classworlds\2.2.3\plexus-classworlds-2.2.3.jar;C:\Users\Bruno\.m2\repository\org\codehaus\plexus\plexus-component-annotations\1.5.5\plexus-component-annotations-1.5.5.jar;C:\Users\Bruno\.m2\repository\org\sonatype\plexus\plexus-sec-dispatcher\1.3\plexus-sec-dispatcher-1.3.jar;C:\Users\Bruno\.m2\repository\org\sonatype\plexus\plexus-cipher\1.4\plexus-cipher-1.4.jar;C:\Users\Bruno\.m2\repository\org\codehaus\plexus\plexus-utils\3.0.22\plexus-utils-3.0.22.jar;C:\Users\Bruno\.m2\repository\org\apache\maven\shared\file-management\1.2.1\file-management-1.2.1.jar;C:\Users\Bruno\.m2\repository\org\apache\maven\reporting\maven-reporting-api\3.0\maven-reporting-api-3.0.jar;C:\Users\Bruno\.m2\repository\org\apache\maven\reporting\maven-reporting-impl\2.1\maven-reporting-impl-2.1.jar;C:\Users\Bruno\.m2\repository\org\apache\maven\maven-project\2.0.10\maven-project-2.0.10.jar;C:\Users\Bruno\.m2\repository\org\apache\maven\maven-profile\2.0.10\maven-profile-2.0.10.jar;C:\Users\Bruno\.m2\repository\org\apache\maven\maven-artifact-manager\2.0.10\maven-artifact-manager-2.0.10.jar;C:\Users\Bruno\.m2\repository\org\apache\maven\maven-plugin-registry\2.0.10\maven-plugin-registry-2.0.10.jar;C:\Users\Bruno\.m2\repository\org\jacoco\org.jacoco.agent\0.8.5\org.jacoco.agent-0.8.5-runtime.jar;C:\Users\Bruno\.m2\repository\org\jacoco\org.jacoco.core\0.8.5\org.jacoco.core-0.8.5.jar;C:\Users\Bruno\.m2\repository\org\jacoco\org.jacoco.report\0.8.5\org.jacoco.report-0.8.5.jar;C:\Users\Bruno\.m2\repository\org\apache\maven\plugins\maven-assembly-plugin\3.0.0\maven-assembly-plugin-3.0.0.jar;C:\Users\Bruno\.m2\repository\org\apache\maven\maven-artifact\3.0\maven-artifact-3.0.jar;C:\Users\Bruno\.m2\repository\org\apache\maven\maven-model\3.0\maven-model-3.0.jar;C:\Users\Bruno\.m2\repository\org\apache\maven\shared\maven-common-artifact-filters\3.0.1\maven-common-artifact-filters-3.0.1.jar;C:\Users\Bruno\.m2\repository\org\apache\maven\shared\maven-shared-utils\3.1.0\maven-shared-utils-3.1.0.jar;C:\Users\Bruno\.m2\repository\org\apache\maven\shared\maven-artifact-transfer\0.9.0\maven-artifact-transfer-0.9.0.jar;C:\Users\Bruno\.m2\repository\org\codehaus\plexus\plexus-interpolation\1.24\plexus-interpolation-1.24.jar;C:\Users\Bruno\.m2\repository\org\codehaus\plexus\plexus-archiver\3.4\plexus-archiver-3.4.jar;C:\Users\Bruno\.m2\repository\org\apache\commons\commons-compress\1.11\commons-compress-1.11.jar;C:\Users\Bruno\.m2\repository\org\iq80\snappy\snappy\0.4\snappy-0.4.jar;C:\Users\Bruno\.m2\repository\org\tukaani\xz\1.5\xz-1.5.jar;C:\Users\Bruno\.m2\repository\org\apache\maven\shared\maven-shared-io\3.0.0\maven-shared-io-3.0.0.jar;C:\Users\Bruno\.m2\repository\org\apache\maven\maven-compat\3.0\maven-compat-3.0.jar;C:\Users\Bruno\.m2\repository\org\apache\maven\wagon\wagon-provider-api\2.10\wagon-provider-api-2.10.jar;C:\Users\Bruno\.m2\repository\commons-io\commons-io\2.5\commons-io-2.5.jar;C:\Users\Bruno\.m2\repository\org\apache\maven\shared\maven-filtering\3.1.1\maven-filtering-3.1.1.jar;C:\Users\Bruno\.m2\repository\org\sonatype\plexus\plexus-build-api\0.0.7\plexus-build-api-0.0.7.jar;C:\Users\Bruno\.m2\repository\org\codehaus\plexus\plexus-io\2.7.1\plexus-io-2.7.1.jar;C:\Users\Bruno\.m2\repository\org\apache\maven\maven-archiver\3.1.1\maven-archiver-3.1.1.jar;C:\Users\Bruno\.m2\repository\commons-codec\commons-codec\1.6\commons-codec-1.6.jar;C:\Users\Bruno\.m2\repository\com\github\spotbugs\spotbugs-maven-plugin\3.1.12.2\spotbugs-maven-plugin-3.1.12.2.jar;C:\Users\Bruno\.m2\repository\com\github\spotbugs\spotbugs\3.1.12\spotbugs-3.1.12.jar;C:\Users\Bruno\.m2\repository\org\apache\bcel\bcel\6.3\bcel-6.3.jar;C:\Users\Bruno\.m2\repository\net\jcip\jcip-annotations\1.0\jcip-annotations-1.0.jar;C:\Users\Bruno\.m2\repository\org\dom4j\dom4j\2.1.1\dom4j-2.1.1.jar;C:\Users\Bruno\.m2\repository\jaxen\jaxen\1.1.6\jaxen-1.1.6.jar;C:\Users\Bruno\.m2\repository\commons-lang\commons-lang\2.6\commons-lang-2.6.jar;C:\Users\Bruno\.m2\repository\com\github\spotbugs\spotbugs-annotations\3.1.12\spotbugs-annotations-3.1.12.jar;C:\Users\Bruno\.m2\repository\com\google\code\findbugs\jsr305\3.0.2\jsr305-3.0.2.jar;C:\Users\Bruno\.m2\repository\org\slf4j\slf4j-simple\2.0.0-alpha0\slf4j-simple-2.0.0-alpha0.jar;C:\Users\Bruno\.m2\repository\org\apache\ant\ant\1.10.6\ant-1.10.6.jar;C:\Users\Bruno\.m2\repository\org\apache\ant\ant-launcher\1.10.6\ant-launcher-1.10.6.jar;C:\Users\Bruno\.m2\repository\org\codehaus\groovy\groovy\3.0.0-beta-2\groovy-3.0.0-beta-2-indy.jar;C:\Users\Bruno\.m2\repository\org\codehaus\groovy\groovy-ant\3.0.0-beta-2\groovy-ant-3.0.0-beta-2-indy.jar;C:\Users\Bruno\.m2\repository\org\codehaus\groovy\groovy\3.0.0-beta-2\groovy-3.0.0-beta-2.jar;C:\Users\Bruno\.m2\repository\org\codehaus\groovy\groovy-dateutil\3.0.0-beta-2\groovy-dateutil-3.0.0-beta-2-indy.jar;C:\Users\Bruno\.m2\repository\org\codehaus\groovy\groovy-groovydoc\3.0.0-beta-2\groovy-groovydoc-3.0.0-beta-2.jar;C:\Users\Bruno\.m2\repository\org\codehaus\groovy\groovy-templates\3.0.0-beta-2\groovy-templates-3.0.0-beta-2.jar;C:\Users\Bruno\.m2\repository\org\codehaus\groovy\groovy-docgenerator\3.0.0-beta-2\groovy-docgenerator-3.0.0-beta-2.jar;C:\Users\Bruno\.m2\repository\com\thoughtworks\qdox\qdox\1.12.1\qdox-1.12.1.jar;C:\Users\Bruno\.m2\repository\org\codehaus\groovy\groovy-xml\3.0.0-beta-2\groovy-xml-3.0.0-beta-2.jar;C:\Users\Bruno\.m2\repository\org\apache\maven\doxia\doxia-core\1.9\doxia-core-1.9.jar;C:\Users\Bruno\.m2\repository\org\apache\maven\doxia\doxia-logging-api\1.9\doxia-logging-api-1.9.jar;C:\Users\Bruno\.m2\repository\org\apache\httpcomponents\httpclient\4.5.8\httpclient-4.5.8.jar;C:\Users\Bruno\.m2\repository\org\apache\httpcomponents\httpcore\4.4.11\httpcore-4.4.11.jar;C:\Users\Bruno\.m2\repository\org\apache\maven\doxia\doxia-sink-api\1.9\doxia-sink-api-1.9.jar;C:\Users\Bruno\.m2\repository\org\apache\maven\doxia\doxia-decoration-model\1.9.1\doxia-decoration-model-1.9.1.jar;C:\Users\Bruno\.m2\repository\org\apache\maven\doxia\doxia-site-renderer\1.9.1\doxia-site-renderer-1.9.1.jar;C:\Users\Bruno\.m2\repository\org\apache\maven\doxia\doxia-skin-model\1.9.1\doxia-skin-model-1.9.1.jar;C:\Users\Bruno\.m2\repository\org\apache\maven\doxia\doxia-module-xhtml\1.9\doxia-module-xhtml-1.9.jar;C:\Users\Bruno\.m2\repository\org\apache\maven\doxia\doxia-module-xhtml5\1.9\doxia-module-xhtml5-1.9.jar;C:\Users\Bruno\.m2\repository\org\codehaus\plexus\plexus-i18n\1.0-beta-10\plexus-i18n-1.0-beta-10.jar;C:\Users\Bruno\.m2\repository\org\codehaus\plexus\plexus-velocity\1.2\plexus-velocity-1.2.jar;C:\Users\Bruno\.m2\repository\org\apache\velocity\velocity\1.7\velocity-1.7.jar;C:\Users\Bruno\.m2\repository\org\apache\velocity\velocity-tools\2.0\velocity-tools-2.0.jar;C:\Users\Bruno\.m2\repository\oro\oro\2.0.8\oro-2.0.8.jar;C:\Users\Bruno\.m2\repository\sslext\sslext\1.2-0\sslext-1.2-0.jar;C:\Users\Bruno\.m2\repository\org\apache\maven\doxia\doxia-integration-tools\1.9.1\doxia-integration-tools-1.9.1.jar;C:\Users\Bruno\.m2\repository\commons-beanutils\commons-beanutils\1.9.3\commons-beanutils-1.9.3.jar;C:\Users\Bruno\.m2\repository\commons-logging\commons-logging\1.2\commons-logging-1.2.jar;C:\Users\Bruno\.m2\repository\commons-chain\commons-chain\1.2\commons-chain-1.2.jar;C:\Users\Bruno\.m2\repository\commons-collections\commons-collections\3.2.2\commons-collections-3.2.2.jar;C:\Users\Bruno\.m2\repository\commons-digester\commons-digester\2.1\commons-digester-2.1.jar;C:\Users\Bruno\.m2\repository\org\apache\commons\commons-lang3\3.9\commons-lang3-3.9.jar;C:\Users\Bruno\.m2\repository\commons-validator\commons-validator\1.6\commons-validator-1.6.jar;C:\Users\Bruno\.m2\repository\org\codehaus\plexus\plexus-container-default\2.0.0\plexus-container-default-2.0.0.jar;C:\Users\Bruno\.m2\repository\org\apache\xbean\xbean-reflect\3.7\xbean-reflect-3.7.jar;C:\Users\Bruno\.m2\repository\org\codehaus\plexus\plexus-resources\1.1.0\plexus-resources-1.1.0.jar;C:\Users\Bruno\.m2\repository\org\slf4j\slf4j-api\2.0.0-alpha0\slf4j-api-2.0.0-alpha0.jar;C:\Users\Bruno\.m2\repository\org\ow2\asm\asm\7.2-beta\asm-7.2-beta.jar;C:\Users\Bruno\.m2\repository\org\ow2\asm\asm-analysis\7.2-beta\asm-analysis-7.2-beta.jar;C:\Users\Bruno\.m2\repository\org\ow2\asm\asm-commons\7.2-beta\asm-commons-7.2-beta.jar;C:\Users\Bruno\.m2\repository\org\ow2\asm\asm-tree\7.2-beta\asm-tree-7.2-beta.jar;C:\Users\Bruno\.m2\repository\org\ow2\asm\asm-util\7.2-beta\asm-util-7.2-beta.jar;C:\Users\Bruno\.m2\repository\org\apache\maven\plugins\maven-failsafe-plugin\3.0.0-M4\maven-failsafe-plugin-3.0.0-M4.jar;C:\Users\Bruno\.m2\repository\org\apache\maven\surefire\maven-surefire-common\3.0.0-M4\maven-surefire-common-3.0.0-M4.jar;C:\Users\Bruno\.m2\repository\org\apache\maven\surefire\surefire-api\3.0.0-M4\surefire-api-3.0.0-M4.jar;C:\Users\Bruno\.m2\repository\org\apache\maven\surefire\surefire-logger-api\3.0.0-M4\surefire-logger-api-3.0.0-M4.jar;C:\Users\Bruno\.m2\repository\org\apache\maven\surefire\surefire-extensions-api\3.0.0-M4\surefire-extensions-api-3.0.0-M4.jar;C:\Users\Bruno\.m2\repository\org\apache\maven\surefire\surefire-booter\3.0.0-M4\surefire-booter-3.0.0-M4.jar;C:\Users\Bruno\.m2\repository\org\apache\maven\maven-toolchain\3.0-alpha-2\maven-toolchain-3.0-alpha-2.jar;C:\Users\Bruno\.m2\repository\org\codehaus\plexus\plexus-java\1.0.3\plexus-java-1.0.3.jar;"/>
    <property name="java.vm.vendor" value="Oracle Corporation"/>
    <property name="sun.arch.data.model" value="64"/>
    <property name="user.variant" value=""/>
    <property name="java.vendor.url" value="https://java.oracle.com/"/>
    <property name="os.name" value="Windows 10"/>
    <property name="java.vm.specification.version" value="15"/>
    <property name="sun.java.launcher" value="SUN_STANDARD"/>
    <property name="user.country" value="FR"/>
    <property name="sun.boot.library.path" value="C:\Program Files\Java\jdk-15.0.2\bin"/>
    <property name="sun.java.command" value="C:\Users\Bruno\AppData\Local\Temp\surefire16856221219178211299\surefirebooter13844503066765070177.jar C:\Users\Bruno\AppData\Local\Temp\surefire16856221219178211299 2021-03-03T13-04-31_275-jvmRun1 surefire15716287255709476841tmp surefire_04700264298680593473tmp"/>
    <property name="jdk.debug" value="release"/>
    <property name="surefire.test.class.path" value="C:\Users\Bruno\Desktop\Dev Salesforce\P5_Rodin_Séverine\parkingsystem\target\test-classes;C:\Users\Bruno\Desktop\Dev Salesforce\P5_Rodin_Séverine\parkingsystem\target\classes;C:\Users\Bruno\.m2\repository\org\apache\logging\log4j\log4j-api\2.12.1\log4j-api-2.12.1.jar;C:\Users\Bruno\.m2\repository\org\apache\logging\log4j\log4j-core\2.12.1\log4j-core-2.12.1.jar;C:\Users\Bruno\.m2\repository\mysql\mysql-connector-java\8.0.17\mysql-connector-java-8.0.17.jar;C:\Users\Bruno\.m2\repository\com\google\protobuf\protobuf-java\3.6.1\protobuf-java-3.6.1.jar;C:\Users\Bruno\.m2\repository\org\junit\jupiter\junit-jupiter-api\5.3.2\junit-jupiter-api-5.3.2.jar;C:\Users\Bruno\.m2\repository\org\apiguardian\apiguardian-api\1.0.0\apiguardian-api-1.0.0.jar;C:\Users\Bruno\.m2\repository\org\opentest4j\opentest4j\1.1.1\opentest4j-1.1.1.jar;C:\Users\Bruno\.m2\repository\org\junit\platform\junit-platform-commons\1.3.2\junit-platform-commons-1.3.2.jar;C:\Users\Bruno\.m2\repository\org\junit\jupiter\junit-jupiter-engine\5.3.2\junit-jupiter-engine-5.3.2.jar;C:\Users\Bruno\.m2\repository\org\junit\platform\junit-platform-engine\1.3.2\junit-platform-engine-1.3.2.jar;C:\Users\Bruno\.m2\repository\org\mockito\mockito-junit-jupiter\2.23.4\mockito-junit-jupiter-2.23.4.jar;C:\Users\Bruno\.m2\repository\org\mockito\mockito-core\2.23.4\mockito-core-2.23.4.jar;C:\Users\Bruno\.m2\repository\net\bytebuddy\byte-buddy\1.9.3\byte-buddy-1.9.3.jar;C:\Users\Bruno\.m2\repository\net\bytebuddy\byte-buddy-agent\1.9.3\byte-buddy-agent-1.9.3.jar;C:\Users\Bruno\.m2\repository\org\objenesis\objenesis\2.6\objenesis-2.6.jar;C:\Users\Bruno\.m2\repository\org\jacoco\jacoco-maven-plugin\0.8.5\jacoco-maven-plugin-0.8.5.jar;C:\Users\Bruno\.m2\repository\org\apache\maven\maven-plugin-api\3.0\maven-plugin-api-3.0.jar;C:\Users\Bruno\.m2\repository\org\sonatype\sisu\sisu-inject-plexus\1.4.2\sisu-inject-plexus-1.4.2.jar;C:\Users\Bruno\.m2\repository\org\sonatype\sisu\sisu-inject-bean\1.4.2\sisu-inject-bean-1.4.2.jar;C:\Users\Bruno\.m2\repository\org\sonatype\sisu\sisu-guice\2.1.7\sisu-guice-2.1.7-noaop.jar;C:\Users\Bruno\.m2\repository\org\apache\maven\maven-core\3.0\maven-core-3.0.jar;C:\Users\Bruno\.m2\repository\org\apache\maven\maven-settings\3.0\maven-settings-3.0.jar;C:\Users\Bruno\.m2\repository\org\apache\maven\maven-settings-builder\3.0\maven-settings-builder-3.0.jar;C:\Users\Bruno\.m2\repository\org\apache\maven\maven-repository-metadata\3.0\maven-repository-metadata-3.0.jar;C:\Users\Bruno\.m2\repository\org\apache\maven\maven-model-builder\3.0\maven-model-builder-3.0.jar;C:\Users\Bruno\.m2\repository\org\apache\maven\maven-aether-provider\3.0\maven-aether-provider-3.0.jar;C:\Users\Bruno\.m2\repository\org\sonatype\aether\aether-impl\1.7\aether-impl-1.7.jar;C:\Users\Bruno\.m2\repository\org\sonatype\aether\aether-spi\1.7\aether-spi-1.7.jar;C:\Users\Bruno\.m2\repository\org\sonatype\aether\aether-api\1.7\aether-api-1.7.jar;C:\Users\Bruno\.m2\repository\org\sonatype\aether\aether-util\1.7\aether-util-1.7.jar;C:\Users\Bruno\.m2\repository\org\codehaus\plexus\plexus-classworlds\2.2.3\plexus-classworlds-2.2.3.jar;C:\Users\Bruno\.m2\repository\org\codehaus\plexus\plexus-component-annotations\1.5.5\plexus-component-annotations-1.5.5.jar;C:\Users\Bruno\.m2\repository\org\sonatype\plexus\plexus-sec-dispatcher\1.3\plexus-sec-dispatcher-1.3.jar;C:\Users\Bruno\.m2\repository\org\sonatype\plexus\plexus-cipher\1.4\plexus-cipher-1.4.jar;C:\Users\Bruno\.m2\repository\org\codehaus\plexus\plexus-utils\3.0.22\plexus-utils-3.0.22.jar;C:\Users\Bruno\.m2\repository\org\apache\maven\shared\file-management\1.2.1\file-management-1.2.1.jar;C:\Users\Bruno\.m2\repository\org\apache\maven\reporting\maven-reporting-api\3.0\maven-reporting-api-3.0.jar;C:\Users\Bruno\.m2\repository\org\apache\maven\reporting\maven-reporting-impl\2.1\maven-reporting-impl-2.1.jar;C:\Users\Bruno\.m2\repository\org\apache\maven\maven-project\2.0.10\maven-project-2.0.10.jar;C:\Users\Bruno\.m2\repository\org\apache\maven\maven-profile\2.0.10\maven-profile-2.0.10.jar;C:\Users\Bruno\.m2\repository\org\apache\maven\maven-artifact-manager\2.0.10\maven-artifact-manager-2.0.10.jar;C:\Users\Bruno\.m2\repository\org\apache\maven\maven-plugin-registry\2.0.10\maven-plugin-registry-2.0.10.jar;C:\Users\Bruno\.m2\repository\org\jacoco\org.jacoco.agent\0.8.5\org.jacoco.agent-0.8.5-runtime.jar;C:\Users\Bruno\.m2\repository\org\jacoco\org.jacoco.core\0.8.5\org.jacoco.core-0.8.5.jar;C:\Users\Bruno\.m2\repository\org\jacoco\org.jacoco.report\0.8.5\org.jacoco.report-0.8.5.jar;C:\Users\Bruno\.m2\repository\org\apache\maven\plugins\maven-assembly-plugin\3.0.0\maven-assembly-plugin-3.0.0.jar;C:\Users\Bruno\.m2\repository\org\apache\maven\maven-artifact\3.0\maven-artifact-3.0.jar;C:\Users\Bruno\.m2\repository\org\apache\maven\maven-model\3.0\maven-model-3.0.jar;C:\Users\Bruno\.m2\repository\org\apache\maven\shared\maven-common-artifact-filters\3.0.1\maven-common-artifact-filters-3.0.1.jar;C:\Users\Bruno\.m2\repository\org\apache\maven\shared\maven-shared-utils\3.1.0\maven-shared-utils-3.1.0.jar;C:\Users\Bruno\.m2\repository\org\apache\maven\shared\maven-artifact-transfer\0.9.0\maven-artifact-transfer-0.9.0.jar;C:\Users\Bruno\.m2\repository\org\codehaus\plexus\plexus-interpolation\1.24\plexus-interpolation-1.24.jar;C:\Users\Bruno\.m2\repository\org\codehaus\plexus\plexus-archiver\3.4\plexus-archiver-3.4.jar;C:\Users\Bruno\.m2\repository\org\apache\commons\commons-compress\1.11\commons-compress-1.11.jar;C:\Users\Bruno\.m2\repository\org\iq80\snappy\snappy\0.4\snappy-0.4.jar;C:\Users\Bruno\.m2\repository\org\tukaani\xz\1.5\xz-1.5.jar;C:\Users\Bruno\.m2\repository\org\apache\maven\shared\maven-shared-io\3.0.0\maven-shared-io-3.0.0.jar;C:\Users\Bruno\.m2\repository\org\apache\maven\maven-compat\3.0\maven-compat-3.0.jar;C:\Users\Bruno\.m2\repository\org\apache\maven\wagon\wagon-provider-api\2.10\wagon-provider-api-2.10.jar;C:\Users\Bruno\.m2\repository\commons-io\commons-io\2.5\commons-io-2.5.jar;C:\Users\Bruno\.m2\repository\org\apache\maven\shared\maven-filtering\3.1.1\maven-filtering-3.1.1.jar;C:\Users\Bruno\.m2\repository\org\sonatype\plexus\plexus-build-api\0.0.7\plexus-build-api-0.0.7.jar;C:\Users\Bruno\.m2\repository\org\codehaus\plexus\plexus-io\2.7.1\plexus-io-2.7.1.jar;C:\Users\Bruno\.m2\repository\org\apache\maven\maven-archiver\3.1.1\maven-archiver-3.1.1.jar;C:\Users\Bruno\.m2\repository\commons-codec\commons-codec\1.6\commons-codec-1.6.jar;C:\Users\Bruno\.m2\repository\com\github\spotbugs\spotbugs-maven-plugin\3.1.12.2\spotbugs-maven-plugin-3.1.12.2.jar;C:\Users\Bruno\.m2\repository\com\github\spotbugs\spotbugs\3.1.12\spotbugs-3.1.12.jar;C:\Users\Bruno\.m2\repository\org\apache\bcel\bcel\6.3\bcel-6.3.jar;C:\Users\Bruno\.m2\repository\net\jcip\jcip-annotations\1.0\jcip-annotations-1.0.jar;C:\Users\Bruno\.m2\repository\org\dom4j\dom4j\2.1.1\dom4j-2.1.1.jar;C:\Users\Bruno\.m2\repository\jaxen\jaxen\1.1.6\jaxen-1.1.6.jar;C:\Users\Bruno\.m2\repository\commons-lang\commons-lang\2.6\commons-lang-2.6.jar;C:\Users\Bruno\.m2\repository\com\github\spotbugs\spotbugs-annotations\3.1.12\spotbugs-annotations-3.1.12.jar;C:\Users\Bruno\.m2\repository\com\google\code\findbugs\jsr305\3.0.2\jsr305-3.0.2.jar;C:\Users\Bruno\.m2\repository\org\slf4j\slf4j-simple\2.0.0-alpha0\slf4j-simple-2.0.0-alpha0.jar;C:\Users\Bruno\.m2\repository\org\apache\ant\ant\1.10.6\ant-1.10.6.jar;C:\Users\Bruno\.m2\repository\org\apache\ant\ant-launcher\1.10.6\ant-launcher-1.10.6.jar;C:\Users\Bruno\.m2\repository\org\codehaus\groovy\groovy\3.0.0-beta-2\groovy-3.0.0-beta-2-indy.jar;C:\Users\Bruno\.m2\repository\org\codehaus\groovy\groovy-ant\3.0.0-beta-2\groovy-ant-3.0.0-beta-2-indy.jar;C:\Users\Bruno\.m2\repository\org\codehaus\groovy\groovy\3.0.0-beta-2\groovy-3.0.0-beta-2.jar;C:\Users\Bruno\.m2\repository\org\codehaus\groovy\groovy-dateutil\3.0.0-beta-2\groovy-dateutil-3.0.0-beta-2-indy.jar;C:\Users\Bruno\.m2\repository\org\codehaus\groovy\groovy-groovydoc\3.0.0-beta-2\groovy-groovydoc-3.0.0-beta-2.jar;C:\Users\Bruno\.m2\repository\org\codehaus\groovy\groovy-templates\3.0.0-beta-2\groovy-templates-3.0.0-beta-2.jar;C:\Users\Bruno\.m2\repository\org\codehaus\groovy\groovy-docgenerator\3.0.0-beta-2\groovy-docgenerator-3.0.0-beta-2.jar;C:\Users\Bruno\.m2\repository\com\thoughtworks\qdox\qdox\1.12.1\qdox-1.12.1.jar;C:\Users\Bruno\.m2\repository\org\codehaus\groovy\groovy-xml\3.0.0-beta-2\groovy-xml-3.0.0-beta-2.jar;C:\Users\Bruno\.m2\repository\org\apache\maven\doxia\doxia-core\1.9\doxia-core-1.9.jar;C:\Users\Bruno\.m2\repository\org\apache\maven\doxia\doxia-logging-api\1.9\doxia-logging-api-1.9.jar;C:\Users\Bruno\.m2\repository\org\apache\httpcomponents\httpclient\4.5.8\httpclient-4.5.8.jar;C:\Users\Bruno\.m2\repository\org\apache\httpcomponents\httpcore\4.4.11\httpcore-4.4.11.jar;C:\Users\Bruno\.m2\repository\org\apache\maven\doxia\doxia-sink-api\1.9\doxia-sink-api-1.9.jar;C:\Users\Bruno\.m2\repository\org\apache\maven\doxia\doxia-decoration-model\1.9.1\doxia-decoration-model-1.9.1.jar;C:\Users\Bruno\.m2\repository\org\apache\maven\doxia\doxia-site-renderer\1.9.1\doxia-site-renderer-1.9.1.jar;C:\Users\Bruno\.m2\repository\org\apache\maven\doxia\doxia-skin-model\1.9.1\doxia-skin-model-1.9.1.jar;C:\Users\Bruno\.m2\repository\org\apache\maven\doxia\doxia-module-xhtml\1.9\doxia-module-xhtml-1.9.jar;C:\Users\Bruno\.m2\repository\org\apache\maven\doxia\doxia-module-xhtml5\1.9\doxia-module-xhtml5-1.9.jar;C:\Users\Bruno\.m2\repository\org\codehaus\plexus\plexus-i18n\1.0-beta-10\plexus-i18n-1.0-beta-10.jar;C:\Users\Bruno\.m2\repository\org\codehaus\plexus\plexus-velocity\1.2\plexus-velocity-1.2.jar;C:\Users\Bruno\.m2\repository\org\apache\velocity\velocity\1.7\velocity-1.7.jar;C:\Users\Bruno\.m2\repository\org\apache\velocity\velocity-tools\2.0\velocity-tools-2.0.jar;C:\Users\Bruno\.m2\repository\oro\oro\2.0.8\oro-2.0.8.jar;C:\Users\Bruno\.m2\repository\sslext\sslext\1.2-0\sslext-1.2-0.jar;C:\Users\Bruno\.m2\repository\org\apache\maven\doxia\doxia-integration-tools\1.9.1\doxia-integration-tools-1.9.1.jar;C:\Users\Bruno\.m2\repository\commons-beanutils\commons-beanutils\1.9.3\commons-beanutils-1.9.3.jar;C:\Users\Bruno\.m2\repository\commons-logging\commons-logging\1.2\commons-logging-1.2.jar;C:\Users\Bruno\.m2\repository\commons-chain\commons-chain\1.2\commons-chain-1.2.jar;C:\Users\Bruno\.m2\repository\commons-collections\commons-collections\3.2.2\commons-collections-3.2.2.jar;C:\Users\Bruno\.m2\repository\commons-digester\commons-digester\2.1\commons-digester-2.1.jar;C:\Users\Bruno\.m2\repository\org\apache\commons\commons-lang3\3.9\commons-lang3-3.9.jar;C:\Users\Bruno\.m2\repository\commons-validator\commons-validator\1.6\commons-validator-1.6.jar;C:\Users\Bruno\.m2\repository\org\codehaus\plexus\plexus-container-default\2.0.0\plexus-container-default-2.0.0.jar;C:\Users\Bruno\.m2\repository\org\apache\xbean\xbean-reflect\3.7\xbean-reflect-3.7.jar;C:\Users\Bruno\.m2\repository\org\codehaus\plexus\plexus-resources\1.1.0\plexus-resources-1.1.0.jar;C:\Users\Bruno\.m2\repository\org\slf4j\slf4j-api\2.0.0-alpha0\slf4j-api-2.0.0-alpha0.jar;C:\Users\Bruno\.m2\repository\org\ow2\asm\asm\7.2-beta\asm-7.2-beta.jar;C:\Users\Bruno\.m2\repository\org\ow2\asm\asm-analysis\7.2-beta\asm-analysis-7.2-beta.jar;C:\Users\Bruno\.m2\repository\org\ow2\asm\asm-commons\7.2-beta\asm-commons-7.2-beta.jar;C:\Users\Bruno\.m2\repository\org\ow2\asm\asm-tree\7.2-beta\asm-tree-7.2-beta.jar;C:\Users\Bruno\.m2\repository\org\ow2\asm\asm-util\7.2-beta\asm-util-7.2-beta.jar;C:\Users\Bruno\.m2\repository\org\apache\maven\plugins\maven-failsafe-plugin\3.0.0-M4\maven-failsafe-plugin-3.0.0-M4.jar;C:\Users\Bruno\.m2\repository\org\apache\maven\surefire\maven-surefire-common\3.0.0-M4\maven-surefire-common-3.0.0-M4.jar;C:\Users\Bruno\.m2\repository\org\apache\maven\surefire\surefire-api\3.0.0-M4\surefire-api-3.0.0-M4.jar;C:\Users\Bruno\.m2\repository\org\apache\maven\surefire\surefire-logger-api\3.0.0-M4\surefire-logger-api-3.0.0-M4.jar;C:\Users\Bruno\.m2\repository\org\apache\maven\surefire\surefire-extensions-api\3.0.0-M4\surefire-extensions-api-3.0.0-M4.jar;C:\Users\Bruno\.m2\repository\org\apache\maven\surefire\surefire-booter\3.0.0-M4\surefire-booter-3.0.0-M4.jar;C:\Users\Bruno\.m2\repository\org\apache\maven\maven-toolchain\3.0-alpha-2\maven-toolchain-3.0-alpha-2.jar;C:\Users\Bruno\.m2\repository\org\codehaus\plexus\plexus-java\1.0.3\plexus-java-1.0.3.jar;"/>
    <property name="sun.cpu.endian" value="little"/>
    <property name="user.home" value="C:\Users\Bruno"/>
    <property name="user.language" value="fr"/>
    <property name="java.specification.vendor" value="Oracle Corporation"/>
    <property name="java.version.date" value="2021-01-19"/>
    <property name="java.home" value="C:\Program Files\Java\jdk-15.0.2"/>
    <property name="file.separator" value="\"/>
    <property name="basedir" value="C:\Users\Bruno\Desktop\Dev Salesforce\P5_Rodin_Séverine\parkingsystem"/>
    <property name="java.vm.compressedOopsMode" value="Zero based"/>
    <property name="line.separator" value="&#10;"/>
    <property name="java.vm.specification.vendor" value="Oracle Corporation"/>
    <property name="java.specification.name" value="Java Platform API Specification"/>
    <property name="surefire.real.class.path" value="C:\Users\Bruno\AppData\Local\Temp\surefire16856221219178211299\surefirebooter13844503066765070177.jar"/>
    <property name="user.script" value=""/>
    <property name="sun.management.compiler" value="HotSpot 64-Bit Tiered Compilers"/>
    <property name="java.runtime.version" value="15.0.2+7-27"/>
    <property name="user.name" value="HP"/>
    <property name="path.separator" value=";"/>
    <property name="os.version" value="10.0"/>
    <property name="java.runtime.name" value="Java(TM) SE Runtime Environment"/>
    <property name="file.encoding" value="Cp1252"/>
    <property name="java.vm.name" value="Java HotSpot(TM) 64-Bit Server VM"/>
    <property name="localRepository" value="C:\Users\Bruno\.m2\repository"/>
    <property name="java.vendor.url.bug" value="https://bugreport.java.com/bugreport/"/>
    <property name="java.io.tmpdir" value="C:\Users\Bruno\AppData\Local\Temp\"/>
    <property name="idea.version" value="2020.3.2"/>
    <property name="java.version" value="15.0.2"/>
    <property name="user.dir" value="C:\Users\Bruno\Desktop\Dev Salesforce\P5_Rodin_Séverine\parkingsystem"/>
    <property name="os.arch" value="amd64"/>
    <property name="java.vm.specification.name" value="Java Virtual Machine Specification"/>
    <property name="sun.os.patch.level" value=""/>
    <property name="java.library.path" value="C:\Program Files\Java\jdk-15.0.2\bin;C:\WINDOWS\Sun\Java\bin;C:\WINDOWS\system32;C:\WINDOWS;C:\WINDOWS\system32;C:\WINDOWS;C:\WINDOWS\System32\Wbem;C:\WINDOWS\System32\WindowsPowerShell\v1.0\;C:\WINDOWS\System32\OpenSSH\;C:\Program Files (x86)\Intel\iCLS Client\;C:\Program Files\Intel\iCLS Client\;C:\Program Files (x86)\Intel\Intel(R) Management Engine Components\DAL;C:\Program Files\Intel\Intel(R) Management Engine Components\DAL;C:\Program Files (x86)\Intel\Intel(R) Management Engine Components\IPT;C:\Program Files\Intel\Intel(R) Management Engine Components\IPT;C:\Program Files\Git\cmd;C:\Program Files\Java\jdk-15.0.2\bin;C:\Program Files\Java\Maven\apache-maven-3.6.3\bin;C:\Program Files\MySQL\MySQL Shell 8.0\bin\;C:\Users\Bruno\AppData\Local\Microsoft\WindowsApps;C:\Program Files\MySQL\MySQL Server 8.0\bin;;."/>
    <property name="java.vm.info" value="mixed mode, sharing"/>
    <property name="java.vendor" value="Oracle Corporation"/>
    <property name="java.vm.version" value="15.0.2+7-27"/>
    <property name="sun.io.unicode.encoding" value="UnicodeLittle"/>
    <property name="java.class.version" value="59.0"/>
  </properties>
  <testcase name="processExitingVehicleTest" classname="com.parkit.parkingsystem.ParkingServiceTest" time="1.265"/>
</testsuite>